<?xml version="1.0" encoding="utf-8"?><testsuites name="pytest tests"><testsuite name="pytest" errors="0" failures="0" skipped="0" tests="107" time="3.931" timestamp="2026-07-13T01:26:24.330430+08:00" hostname="byte-mbp-home"><testcase classname="tests.test_all_devices_live_smoke" name="test_selects_only_current_online_supported_devices" time="0.000" /><testcase classname="tests.test_all_devices_live_smoke" name="test_crash_selector_prefers_unified_and_never_expands_exact_selection" time="0.000" /><testcase classname="tests.test_all_devices_live_smoke" name="test_child_env_pins_device_and_requires_unified_action_opt_in" time="0.000" /><testcase classname="tests.test_all_devices_live_smoke" name="test_aggregate_exit_precedence" time="0.000" /><testcase classname="tests.test_all_devices_live_smoke" name="test_child_exit_codes_map_to_exact_statuses" time="0.000" /><testcase classname="tests.test_all_devices_live_smoke" name="test_child_timeout_is_captured_as_failure" time="0.000" /><testcase classname="tests.test_all_devices_live_smoke" name="test_device_pipelines_overlap_but_each_device_remains_sequential" time="0.001" /><testcase classname="tests.test_all_devices_live_smoke" name="test_child_progress_is_machine_readable_and_flushed" time="0.000" /><testcase classname="tests.test_black_box_contract" name="test_contract_commands_have_runnable_help" time="0.677" /><testcase classname="tests.test_black_box_contract" name="test_contract_assertion_rejects_stale_call_golden_before_stdio" time="0.116" /><testcase classname="tests.test_black_box_contract" name="test_scenario_live_artifacts_reference_committed_regular_files" time="0.037" /><testcase classname="tests.test_black_box_contract" name="test_default_tool_objects_match_upstream_wire_golden" time="0.000" /><testcase classname="tests.test_black_box_contract" name="test_fleet_tool_objects_match_upstream_wire_golden" time="0.000" /><testcase classname="tests.test_black_box_contract" name="test_success_text_contract_uses_upstream_templates" time="0.002" /><testcase classname="tests.test_black_box_contract" name="test_screenshot_without_scaling_preserves_png" time="0.001" /><testcase classname="tests.test_black_box_contract" name="test_screenshot_sips_bytes_match_upstream_call_golden" time="0.024" /><testcase classname="tests.test_black_box_contract" name="test_unexpected_screenshot_error_sets_is_error_true" time="0.001" /><testcase classname="tests.test_black_box_contract" name="test_remote_tool_is_unknown_without_fleet_env" time="0.000" /><testcase classname="tests.test_black_box_contract" name="test_zero_distance_uses_android_default_but_ios_zero" time="0.001" /><testcase classname="tests.test_black_box_contract" name="test_stdio_negotiates_protocol_and_supports_ping" time="0.394" /><testcase classname="tests.test_black_box_contract" name="test_stdio_returns_call_tool_result_for_5000_digit_integers[5001--R-COERCE-5000-DIGIT-POSITIVE]" time="0.194" /><testcase classname="tests.test_black_box_contract" name="test_stdio_returns_call_tool_result_for_5000_digit_integers[5002---R-COERCE-5000-DIGIT-NEGATIVE]" time="0.197" /><testcase classname="tests.test_black_box_contract" name="test_stdio_parse_int_preserves_normal_integers_and_maps_digit_limit_overflow" time="0.000" /><testcase classname="tests.test_black_box_contract" name="test_zod_number_coercion_preserves_fraction_and_url_raw_prefix" time="0.002" /><testcase classname="tests.test_black_box_contract" name="test_json_domain_number_and_raw_type_names" time="0.036" /><testcase classname="tests.test_black_box_contract" name="test_js_number_radix_overflow_is_non_finite[0x-f]" time="0.000" /><testcase classname="tests.test_black_box_contract" name="test_js_number_radix_overflow_is_non_finite[0b-1]" time="0.000" /><testcase classname="tests.test_black_box_contract" name="test_js_number_radix_overflow_is_non_finite[0o-7]" time="0.000" /><testcase classname="tests.test_black_box_contract" name="test_zod_validation_aggregates_all_field_issues" time="0.000" /><testcase classname="tests.test_black_box_contract" name="test_ios_real_and_simulator_use_wda_screen_scale" time="0.001" /><testcase classname="tests.test_black_box_contract" name="test_ios_safari_fallback_sessions_are_deleted_each_time" time="0.000" /><testcase classname="tests.test_black_box_contract" name="test_temporary_driver_is_disconnected_after_each_call" time="0.001" /><testcase classname="tests.test_black_box_contract" name="test_missing_external_upstream_checkout_is_explicitly_skipped" time="0.000" /><testcase classname="tests.test_black_box_contract" name="test_source_coverage_negative_guards_reject_missing_case_wrong_exception_and_stale_bundle" time="0.078" /><testcase classname="tests.test_black_box_contract" name="test_full_source_coverage_rejects_direct_backend_sink_mutations[android.py-\nadbutils.adb.device(\n    &quot;review&quot;\n).shell(\n    [&quot;id&quot;]\n)\n]" time="0.180" /><testcase classname="tests.test_black_box_contract" name="test_full_source_coverage_rejects_direct_backend_sink_mutations[ios_simulator.py-\nsubprocess.run(\n    [&quot;xcrun&quot;, &quot;simctl&quot;, &quot;list&quot;]\n)\n]" time="0.179" /><testcase classname="tests.test_black_box_contract" name="test_image_compare_uses_production_formatter_and_perfect_report_is_strict_json" time="0.018" /><testcase classname="tests.test_black_box_contract" name="test_machine_report_writer_rejects_non_finite_numbers_and_image_backend_availability" time="0.001" /><testcase classname="tests.test_black_box_contract" name="test_effect_evidence_uses_production_screenshot_adb_wda_and_simctl_seams" time="0.001" /><testcase classname="tests.test_contract_registry" name="test_core_tool_names_match_fixture" time="0.000" /><testcase classname="tests.test_contract_registry" name="test_schema_parity_fixture[tool0]" time="0.000" /><testcase classname="tests.test_contract_registry" name="test_schema_parity_fixture[tool1]" time="0.000" /><testcase classname="tests.test_contract_registry" name="test_schema_parity_fixture[tool2]" time="0.000" /><testcase classname="tests.test_contract_registry" name="test_schema_parity_fixture[tool3]" time="0.000" /><testcase classname="tests.test_contract_registry" name="test_schema_parity_fixture[tool4]" time="0.000" /><testcase classname="tests.test_contract_registry" name="test_schema_parity_fixture[tool5]" time="0.000" /><testcase classname="tests.test_contract_registry" name="test_schema_parity_fixture[tool6]" time="0.000" /><testcase classname="tests.test_contract_registry" name="test_schema_parity_fixture[tool7]" time="0.000" /><testcase classname="tests.test_contract_registry" name="test_schema_parity_fixture[tool8]" time="0.000" /><testcase classname="tests.test_contract_registry" name="test_schema_parity_fixture[tool9]" time="0.000" /><testcase classname="tests.test_contract_registry" name="test_schema_parity_fixture[tool10]" time="0.000" /><testcase classname="tests.test_contract_registry" name="test_schema_parity_fixture[tool11]" time="0.000" /><testcase classname="tests.test_contract_registry" name="test_schema_parity_fixture[tool12]" time="0.000" /><testcase classname="tests.test_contract_registry" name="test_schema_parity_fixture[tool13]" time="0.000" /><testcase classname="tests.test_contract_registry" name="test_schema_parity_fixture[tool14]" time="0.000" /><testcase classname="tests.test_contract_registry" name="test_schema_parity_fixture[tool15]" time="0.000" /><testcase classname="tests.test_contract_registry" name="test_schema_parity_fixture[tool16]" time="0.000" /><testcase classname="tests.test_contract_registry" name="test_schema_parity_fixture[tool17]" time="0.000" /><testcase classname="tests.test_contract_registry" name="test_schema_parity_fixture[tool18]" time="0.000" /><testcase classname="tests.test_contract_registry" name="test_schema_parity_fixture[tool19]" time="0.000" /><testcase classname="tests.test_contract_registry" name="test_schema_parity_fixture[tool20]" time="0.000" /><testcase classname="tests.test_contract_registry" name="test_schema_parity_fixture[tool21]" time="0.000" /><testcase classname="tests.test_contract_registry" name="test_schema_parity_fixture[tool22]" time="0.000" /><testcase classname="tests.test_contract_registry" name="test_stub_tools_return_structured_not_implemented_error" time="0.000" /><testcase classname="tests.test_contract_registry" name="test_registry_validates_invalid_arguments_before_stub" time="0.000" /><testcase classname="tests.test_contract_registry" name="test_registered_handler_can_return_success_content" time="0.000" /><testcase classname="tests.test_contract_registry" name="test_android_handlers_with_fake_driver" time="0.001" /><testcase classname="tests.test_contract_registry" name="test_server_handlers_list_and_call_tools" time="0.001" /><testcase classname="tests.test_contract_registry" name="test_server_handlers_validate_required_and_enum_arguments" time="0.000" /><testcase classname="tests.test_contract_registry" name="test_registry_and_server_error_envelopes_match[mobile_get_crash-args0]" time="1.345" /><testcase classname="tests.test_contract_registry" name="test_registry_and_server_error_envelopes_match[mobile_get_page_source-args1]" time="0.001" /><testcase classname="tests.test_contract_registry" name="test_registry_and_server_error_envelopes_match[mobile_swipe_on_screen-args2]" time="0.001" /><testcase classname="tests.test_contract_registry" name="test_stdio_client_can_list_and_call_tools" time="0.239" /><testcase classname="tests.test_contract_registry" name="test_unknown_tool_returns_structured_invalid_argument_error" time="0.001" /><testcase classname="tests.test_contract_registry" name="test_server_and_cli_import" time="0.000" /><testcase classname="tests.test_contract_registry" name="test_registry_layer_does_not_import_device_libraries" time="0.000" /><testcase classname="tests.test_contract_registry" name="test_url_and_path_validation_helpers" time="0.001" /><testcase classname="tests.test_contract_registry" name="test_ios_handlers_with_fake_driver" time="0.001" /><testcase classname="tests.test_contract_registry" name="test_parse_wda_source_maps_elements" time="0.000" /><testcase classname="tests.test_contract_registry" name="test_ios_parity_tools_return_approved_recording_exception" time="0.001" /><testcase classname="tests.test_contract_registry" name="test_no_go_ios_dependency" time="0.001" /><testcase classname="tests.test_contract_registry" name="test_ios_system_helpers_with_fake_driver" time="0.001" /><testcase classname="tests.test_contract_registry" name="test_ios_app_lifecycle_with_fake_driver" time="0.001" /><testcase classname="tests.test_contract_registry" name="test_ios_crash_tools_with_fake_driver" time="0.001" /><testcase classname="tests.test_contract_registry" name="test_android_dropbox_parser" time="0.000" /><testcase classname="tests.test_contract_registry" name="test_android_dropbox_filters_noise" time="0.000" /><testcase classname="tests.test_driver_qa_fixes" name="test_simulator_list_apps_converts_openstep_plist_with_plutil" time="0.001" /><testcase classname="tests.test_driver_qa_fixes" name="test_simulator_crashes_are_recursive_relative_and_readable" time="0.001" /><testcase classname="tests.test_driver_qa_fixes" name="test_simulator_crashes_empty_and_reject_traversal" time="0.001" /><testcase classname="tests.test_driver_qa_fixes" name="test_simulator_crash_symlink_cannot_escape_root" time="0.001" /><testcase classname="tests.test_driver_qa_fixes" name="test_android_recording_live_default_does_not_retry" time="0.000" /><testcase classname="tests.test_driver_qa_fixes" name="test_android_recording_immediate_failure_retries_current_window_size[window_size0-portrait-720x1280]" time="0.000" /><testcase classname="tests.test_driver_qa_fixes" name="test_android_recording_immediate_failure_retries_current_window_size[window_size1-landscape-720x1280]" time="0.000" /><testcase classname="tests.test_driver_qa_fixes" name="test_android_recording_immediate_failure_retries_current_window_size[window_size2-landscape-1280x720]" time="0.000" /><testcase classname="tests.test_driver_qa_fixes" name="test_android_recording_immediate_failure_retries_current_window_size[window_size3-portrait-1280x720]" time="0.000" /><testcase classname="tests.test_driver_qa_fixes" name="test_android_recording_retry_immediate_failure_raises" time="0.000" /><testcase classname="tests.test_driver_qa_fixes" name="test_android_recording_stop_prefers_local_sigint_without_remote_kill" time="0.000" /><testcase classname="tests.test_driver_qa_fixes" name="test_android_recording_stop_unexpected_wait_error_propagates_without_remote_kill[error0]" time="0.000" /><testcase classname="tests.test_driver_qa_fixes" name="test_android_recording_stop_unexpected_wait_error_propagates_without_remote_kill[error1]" time="0.000" /><testcase classname="tests.test_driver_qa_fixes" name="test_android_recording_stop_send_signal_error_propagates_without_remote_kill" time="0.000" /><testcase classname="tests.test_driver_qa_fixes" name="test_android_recording_stop_timeout_uses_remote_fallback_then_kills" time="0.000" /><testcase classname="tests.test_driver_qa_fixes" name="test_concurrent_recording_start_spawns_once_and_loser_is_already_recording" time="0.001" /><testcase classname="tests.test_driver_qa_fixes" name="test_simulator_stop_recording_timeout_kills_and_reaps_before_driver_error" time="0.001" /><testcase classname="tests.test_driver_qa_fixes" name="test_ios_recording_smoke_keeps_real_exception_and_runs_simulator" time="0.001" /><testcase classname="tests.test_ios_live_smoke_support" name="test_parses_mobile_mcp_success_content" time="0.000" /><testcase classname="tests.test_ios_live_smoke_support" name="test_classifies_actionable_unsupported_and_locked_text" time="0.000" /><testcase classname="tests.test_ios_live_smoke_support" name="test_timeout_wrapper_blocks_without_a_device" time="0.013" /></testsuite></testsuites>